<?xml version="1.0" encoding="utf-8"?>
<shfbBuild product="Sandcastle Help File Builder and Tools" version="2018.12.10.0" projectFile="C:\Users\7ommy\source\repos\CSharpLearning\DataBinding\Documentation3\Documentation3.shfbproj" started="2019/3/13 16:50:23">
<buildStep step="Initializing">
Finding tools...
The Sandcastle tools are located in &#39;D:\Sandcastle Help File Builder\&#39;
Searching for HTML Help 1 compiler...
Found HTML Help 1 compiler in &#39;C:\Program Files (x86)\HTML Help Workshop\&#39;
Locating components in the following folder(s):
    C:\Users\7ommy\source\repos\CSharpLearning\DataBinding\Documentation3
    C:\ProgramData\EWSoftware\Sandcastle Help File Builder\Components and Plug-Ins\
    D:\Sandcastle Help File Builder\
Using framework reflection data for &#39;.NET Framework 4.5&#39; located in &#39;D:\Sandcastle Help File Builder\Data\.NETFramework&#39;
Using presentation style &#39;VS2013&#39; located in &#39;D:\Sandcastle Help File Builder\PresentationStyles\VS2013&#39;
Loading and initializing plug-ins...
Lightweight Website Style Version 2018.12.10.0
Copyright &#169; 2006-2018, Eric Woodruff, All Rights Reserved
Portions Copyright &#169; 2014, Sam Harwell, All Rights Reserved
</buildStep>
<buildStep step="ClearWorkFolder">
Clearing working folder...
</buildStep>
<buildStep step="ValidatingDocumentationSources">
Validating and copying documentation source information
Source: C:\Users\7ommy\source\repos\CSharpLearning\DataBinding\DataBinding\bin\Debug\DataBinding.xml
Source: C:\Users\7ommy\source\repos\CSharpLearning\DataBinding\DataBinding\bin\Debug\DataBinding.exe
    Found assembly &#39;C:\Users\7ommy\source\repos\CSharpLearning\DataBinding\DataBinding\bin\Debug\DataBinding.exe&#39;

Copying XML comments files
    C:\Users\7ommy\source\repos\CSharpLearning\DataBinding\DataBinding\bin\Debug\DataBinding.xml -&gt; C:\Users\7ommy\source\repos\CSharpLearning\DataBinding\Documentation3\Help\Working\DataBinding.xml
</buildStep>
<buildStep step="GenerateSharedContent">
Generating shared content files (zh-CN, 中文(简体，中国))...
<plugIn name="Lightweight Website Style" behavior="After" priority="1000">
</plugIn>    Last step completed in 00:00:00.0470
</buildStep>
<buildStep step="GenerateApiFilter">
Generating API filter for MRefBuilder...
    Last step completed in 00:00:00.0000
</buildStep>
<buildStep step="GenerateReflectionInfo">
Generating reflection information...
[C:\Program Files (x86)\Microsoft Visual Studio\2017\Professional\MSBuild\15.0\Bin\MSBuild.exe - GenerateRefInfo.proj]
生成启动时间为 2019/3/13 16:50:25。
节点 1 上的项目“C:\Users\7ommy\source\repos\CSharpLearning\DataBinding\Documentation3\Help\Working\GenerateRefInfo.proj”(默认目标)。
PrepareForBuild:
  正在创建目录“obj\Debug\”。
GenerateRefInfo:
  MRefBuilder (v2018.12.10.0)
  Copyright ? 2006-2018, Microsoft Corporation, All Rights Reserved.
  Portions Copyright ? 2006-2018, Eric Woodruff, All Rights Reserved.
  No source code context base path specified.  Source context information is unavailable.
  Loaded 1 assemblies for reflection and 1 dependency assemblies.
  Wrote information on 2 namespaces, 4 types, and 9 members
  正在将文件从“reflection.org”复制到“reflection.all”。
  XslTransform (v2018.12.10.0)
  Copyright ? 2006-2018, Microsoft Corporation, All Rights Reserved.
  Portions Copyright ? 2006-2018, Eric Woodruff, All Rights Reserved.
  Applying XSL transformation &#39;D:\Sandcastle Help File Builder\ProductionTransforms\MergeDuplicates.xsl&#39;.
已完成生成项目“C:\Users\7ommy\source\repos\CSharpLearning\DataBinding\Documentation3\Help\Working\GenerateRefInfo.proj”(默认目标)的操作。
    Last step completed in 00:00:02.4973
</buildStep>
<buildStep step="TransformReflectionInfo">
Transforming reflection output...
[C:\Program Files (x86)\Microsoft Visual Studio\2017\Professional\MSBuild\15.0\Bin\MSBuild.exe - TransformManifest.proj]
生成启动时间为 2019/3/13 16:50:27。
节点 1 上的项目“C:\Users\7ommy\source\repos\CSharpLearning\DataBinding\Documentation3\Help\Working\TransformManifest.proj”(默认目标)。
TransformManifest:
  XslTransform (v2018.12.10.0)
  Copyright ? 2006-2018, Microsoft Corporation, All Rights Reserved.
  Portions Copyright ? 2006-2018, Eric Woodruff, All Rights Reserved.
  Applying XSL transformation &#39;D:\Sandcastle Help File Builder\\ProductionTransforms\ApplyVSDocModel.xsl&#39;.
  正在将文件从“reflection.xml”复制到“reflection.nofilenames”。
  XslTransform (v2018.12.10.0)
  Copyright ? 2006-2018, Microsoft Corporation, All Rights Reserved.
  Portions Copyright ? 2006-2018, Eric Woodruff, All Rights Reserved.
  Applying XSL transformation &#39;D:\Sandcastle Help File Builder\ProductionTransforms\AddFilenames.xsl&#39;.
  XslTransform (v2018.12.10.0)
  Copyright ? 2006-2018, Microsoft Corporation, All Rights Reserved.
  Portions Copyright ? 2006-2018, Eric Woodruff, All Rights Reserved.
  Applying XSL transformation &#39;D:\Sandcastle Help File Builder\ProductionTransforms\ReflectionToManifest.xsl&#39;.
已完成生成项目“C:\Users\7ommy\source\repos\CSharpLearning\DataBinding\Documentation3\Help\Working\TransformManifest.proj”(默认目标)的操作。
    Last step completed in 00:00:02.1696
</buildStep>
<buildStep step="GenerateNamespaceSummaries">
Generating namespace summary information...
    Last step completed in 00:00:00.0635
</buildStep>
<buildStep step="CopyConceptualContent">
Copying conceptual content...
Copying standard token shared content file...
Checking for other token files...
Checking for code snippets files...
Copying images and creating the media map file...
Generating conceptual topic files
    Parsing topic file &#39;C:\Users\7ommy\source\repos\CSharpLearning\DataBinding\Documentation3\Content\Welcome.aml&#39;
    C:\Users\7ommy\source\repos\CSharpLearning\DataBinding\Documentation3\Content\Welcome.aml -&gt; C:\Users\7ommy\source\repos\CSharpLearning\DataBinding\Documentation3\Help\Working\ddueXml\793d7781-e93c-4ebf-aff0-2cd1f01828a8.xml
    Parsing topic file &#39;C:\Users\7ommy\source\repos\CSharpLearning\DataBinding\Documentation3\Content\VersionHistory\VersionHistory.aml&#39;
    C:\Users\7ommy\source\repos\CSharpLearning\DataBinding\Documentation3\Content\VersionHistory\VersionHistory.aml -&gt; C:\Users\7ommy\source\repos\CSharpLearning\DataBinding\Documentation3\Help\Working\ddueXml\1de5c87b-05de-40fb-bd97-0b58a76f7898.xml
    Parsing topic file &#39;C:\Users\7ommy\source\repos\CSharpLearning\DataBinding\Documentation3\Content\VersionHistory\v1.0.0.0.aml&#39;
    C:\Users\7ommy\source\repos\CSharpLearning\DataBinding\Documentation3\Content\VersionHistory\v1.0.0.0.aml -&gt; C:\Users\7ommy\source\repos\CSharpLearning\DataBinding\Documentation3\Help\Working\ddueXml\b8628259-d468-43de-bad1-f4454dcba72d.xml
    Last step completed in 00:00:00.0312
</buildStep>
<buildStep step="CreateConceptualTopicConfigs">
Creating conceptual topic configuration files...
    Companion files
    _ContentMetadata_.xml
    Merging topic IDs into manifest.xml
    Last step completed in 00:00:00.0156
</buildStep>
<buildStep step="CopyAdditionalContent">
Copying additional content files...
C:\Users\7ommy\source\repos\CSharpLearning\DataBinding\Documentation3\icons\Help.png -&gt; C:\Users\7ommy\source\repos\CSharpLearning\DataBinding\Documentation3\Help\Working\Output\HtmlHelp1\icons\Help.png
    Last step completed in 00:00:00.0157
</buildStep>
<buildStep step="MergeTablesOfContents">
Merging conceptual and additional tables of contents...
    Last step completed in 00:00:00.0000
</buildStep>
<buildStep step="GenerateIntermediateTableOfContents">
Generating intermediate table of contents file...
[C:\Program Files (x86)\Microsoft Visual Studio\2017\Professional\MSBuild\15.0\Bin\MSBuild.exe - GenerateIntermediateTOC.proj]
生成启动时间为 2019/3/13 16:50:29。
节点 1 上的项目“C:\Users\7ommy\source\repos\CSharpLearning\DataBinding\Documentation3\Help\Working\GenerateIntermediateTOC.proj”(默认目标)。
GenerateIntermediateTOC:
  XslTransform (v2018.12.10.0)
  Copyright ? 2006-2018, Microsoft Corporation, All Rights Reserved.
  Portions Copyright ? 2006-2018, Eric Woodruff, All Rights Reserved.
  Applying XSL transformation &#39;D:\Sandcastle Help File Builder\\ProductionTransforms\CreateVSToc.xsl&#39;.
已完成生成项目“C:\Users\7ommy\source\repos\CSharpLearning\DataBinding\Documentation3\Help\Working\GenerateIntermediateTOC.proj”(默认目标)的操作。
Generating conceptual content intermediate TOC file...
    Last step completed in 00:00:00.4246
</buildStep>
<buildStep step="CreateBuildAssemblerConfigs">
Creating Sandcastle configuration files...
    sandcastle.config
    Last step completed in 00:00:00.3126
</buildStep>
<buildStep step="MergeCustomConfigs">
Merging custom build component configurations
C:\Users\7ommy\source\repos\CSharpLearning\DataBinding\Documentation3\Help\Working\sandcastle.config
  Updating reference topic configurations.
  Updating conceptual topic configurations.
    Removing unused ExampleComponent.
    Last step completed in 00:00:00.0155
</buildStep>
<buildStep step="BuildTopics">
Building help topics...
[C:\Program Files (x86)\Microsoft Visual Studio\2017\Professional\MSBuild\15.0\Bin\MSBuild.exe - BuildTopics.proj]
生成启动时间为 2019/3/13 16:50:30。
节点 1 上的项目“C:\Users\7ommy\source\repos\CSharpLearning\DataBinding\Documentation3\Help\Working\BuildTopics.proj”(默认目标)。
BuildTopics:
  BuildAssembler (v2018.12.10.0)
  Copyright ? 2006-2018, Microsoft Corporation, All Rights Reserved.
  Portions Copyright ? 2006-2018, Eric Woodruff, All Rights Reserved.
  Loading configuration...
  ResolveReferenceLinksComponent: The MSDN content ID cache &#39;C:\Users\7ommy\AppData\Local\EWSoftware\Sandcastle Help File Builder\Cache\MsdnContentId.cache&#39; does not exist yet.  All IDs will be looked up in this build which will slow it down.
  Processing topics...
BuildAssembler : warning : ShowMissingComponent: [N:DataBinding] Missing &lt;summary&gt; documentation [C:\Users\7ommy\source\repos\CSharpLearning\DataBinding\Documentation3\Help\Working\BuildTopics.proj]
BuildAssembler : warning : ResolveReferenceLinksComponent: [T:DataBinding.Window1] Unknown reference link target &#39;T:Panuon.UI.PUWindow&#39;. [C:\Users\7ommy\source\repos\CSharpLearning\DataBinding\Documentation3\Help\Working\BuildTopics.proj]
BuildAssembler : warning : ResolveReferenceLinksComponent: [T:DataBinding.Window1] Unknown reference link target &#39;P:Panuon.UI.PUWindow.AllowAutoCoverMask&#39;. [C:\Users\7ommy\source\repos\CSharpLearning\DataBinding\Documentation3\Help\Working\BuildTopics.proj]
BuildAssembler : warning : ResolveReferenceLinksComponent: [T:DataBinding.Window1] Unknown reference link target &#39;T:Panuon.UI.PUWindow&#39;. [C:\Users\7ommy\source\repos\CSharpLearning\DataBinding\Documentation3\Help\Working\BuildTopics.proj]
BuildAssembler : warning : ResolveReferenceLinksComponent: [T:DataBinding.Window1] Unknown reference link target &#39;P:Panuon.UI.PUWindow.AllowAutoOwner&#39;. [C:\Users\7ommy\source\repos\CSharpLearning\DataBinding\Documentation3\Help\Working\BuildTopics.proj]
BuildAssembler : warning : ResolveReferenceLinksComponent: [T:DataBinding.Window1] Unknown reference link target &#39;T:Panuon.UI.PUWindow&#39;. [C:\Users\7ommy\source\repos\CSharpLearning\DataBinding\Documentation3\Help\Working\BuildTopics.proj]
BuildAssembler : warning : ResolveReferenceLinksComponent: [T:DataBinding.Window1] Unknown reference link target &#39;P:Panuon.UI.PUWindow.AllowForcingClose&#39;. [C:\Users\7ommy\source\repos\CSharpLearning\DataBinding\Documentation3\Help\Working\BuildTopics.proj]
BuildAssembler : warning : ResolveReferenceLinksComponent: [T:DataBinding.Window1] Unknown reference link target &#39;T:Panuon.UI.PUWindow&#39;. [C:\Users\7ommy\source\repos\CSharpLearning\DataBinding\Documentation3\Help\Working\BuildTopics.proj]
BuildAssembler : warning : ResolveReferenceLinksComponent: [T:DataBinding.Window1] Unknown reference link target &#39;P:Panuon.UI.PUWindow.AllowShowDelay&#39;. [C:\Users\7ommy\source\repos\CSharpLearning\DataBinding\Documentation3\Help\Working\BuildTopics.proj]
BuildAssembler : warning : ResolveReferenceLinksComponent: [T:DataBinding.Window1] Unknown reference link target &#39;T:Panuon.UI.PUWindow&#39;. [C:\Users\7ommy\source\repos\CSharpLearning\DataBinding\Documentation3\Help\Working\BuildTopics.proj]
BuildAssembler : warning : ResolveReferenceLinksComponent: [T:DataBinding.Window1] Unknown reference link target &#39;P:Panuon.UI.PUWindow.AnimateIn&#39;. [C:\Users\7ommy\source\repos\CSharpLearning\DataBinding\Documentation3\Help\Working\BuildTopics.proj]
BuildAssembler : warning : ResolveReferenceLinksComponent: [T:DataBinding.Window1] Unknown reference link target &#39;T:Panuon.UI.PUWindow&#39;. [C:\Users\7ommy\source\repos\CSharpLearning\DataBinding\Documentation3\Help\Working\BuildTopics.proj]
BuildAssembler : warning : ResolveReferenceLinksComponent: [T:DataBinding.Window1] Unknown reference link target &#39;P:Panuon.UI.PUWindow.AnimateOut&#39;. [C:\Users\7ommy\source\repos\CSharpLearning\DataBinding\Documentation3\Help\Working\BuildTopics.proj]
BuildAssembler : warning : ResolveReferenceLinksComponent: [T:DataBinding.Window1] Unknown reference link target &#39;T:Panuon.UI.PUWindow&#39;. [C:\Users\7ommy\source\repos\CSharpLearning\DataBinding\Documentation3\Help\Working\BuildTopics.proj]
BuildAssembler : warning : ResolveReferenceLinksComponent: [T:DataBinding.Window1] Unknown reference link target &#39;P:Panuon.UI.PUWindow.AnimationStyle&#39;. [C:\Users\7ommy\source\repos\CSharpLearning\DataBinding\Documentation3\Help\Working\BuildTopics.proj]
BuildAssembler : warning : ResolveReferenceLinksComponent: [T:DataBinding.Window1] Unknown reference link target &#39;T:Panuon.UI.PUWindow&#39;. [C:\Users\7ommy\source\repos\CSharpLearning\DataBinding\Documentation3\Help\Working\BuildTopics.proj]
BuildAssembler : warning : ResolveReferenceLinksComponent: [T:DataBinding.Window1] Unknown reference link target &#39;P:Panuon.UI.PUWindow.BorderCornerRadius&#39;. [C:\Users\7ommy\source\repos\CSharpLearning\DataBinding\Documentation3\Help\Working\BuildTopics.proj]
BuildAssembler : warning : ResolveReferenceLinksComponent: [T:DataBinding.Window1] Unknown reference link target &#39;T:Panuon.UI.PUWindow&#39;. [C:\Users\7ommy\source\repos\CSharpLearning\DataBinding\Documentation3\Help\Working\BuildTopics.proj]
BuildAssembler : warning : ResolveReferenceLinksComponent: [T:DataBinding.Window1] Unknown reference link target &#39;P:Panuon.UI.PUWindow.CloseCommand&#39;. [C:\Users\7ommy\source\repos\CSharpLearning\DataBinding\Documentation3\Help\Working\BuildTopics.proj]
BuildAssembler : warning : ResolveReferenceLinksComponent: [T:DataBinding.Window1] Unknown reference link target &#39;T:Panuon.UI.PUWindow&#39;. [C:\Users\7ommy\source\repos\CSharpLearning\DataBinding\Documentation3\Help\Working\BuildTopics.proj]
BuildAssembler : warning : ResolveReferenceLinksComponent: [T:DataBinding.Window1] Unknown reference link target &#39;P:Panuon.UI.PUWindow.Header&#39;. [C:\Users\7ommy\source\repos\CSharpLearning\DataBinding\Documentation3\Help\Working\BuildTopics.proj]
BuildAssembler : warning : ResolveReferenceLinksComponent: [T:DataBinding.Window1] Unknown reference link target &#39;T:Panuon.UI.PUWindow&#39;. [C:\Users\7ommy\source\repos\CSharpLearning\DataBinding\Documentation3\Help\Working\BuildTopics.proj]
BuildAssembler : warning : ResolveReferenceLinksComponent: [T:DataBinding.Window1] Unknown reference link target &#39;P:Panuon.UI.PUWindow.Icon&#39;. [C:\Users\7ommy\source\repos\CSharpLearning\DataBinding\Documentation3\Help\Working\BuildTopics.proj]
BuildAssembler : warning : ResolveReferenceLinksComponent: [T:DataBinding.Window1] Unknown reference link target &#39;T:Panuon.UI.PUWindow&#39;. [C:\Users\7ommy\source\repos\CSharpLearning\DataBinding\Documentation3\Help\Working\BuildTopics.proj]
BuildAssembler : warning : ResolveReferenceLinksComponent: [T:DataBinding.Window1] Unknown reference link target &#39;P:Panuon.UI.PUWindow.IsAwaitShow&#39;. [C:\Users\7ommy\source\repos\CSharpLearning\DataBinding\Documentation3\Help\Working\BuildTopics.proj]
BuildAssembler : warning : ResolveReferenceLinksComponent: [T:DataBinding.Window1] Unknown reference link target &#39;T:Panuon.UI.PUWindow&#39;. [C:\Users\7ommy\source\repos\CSharpLearning\DataBinding\Documentation3\Help\Working\BuildTopics.proj]
BuildAssembler : warning : ResolveReferenceLinksComponent: [T:DataBinding.Window1] Unknown reference link target &#39;P:Panuon.UI.PUWindow.IsCoverMaskShow&#39;. [C:\Users\7ommy\source\repos\CSharpLearning\DataBinding\Documentation3\Help\Working\BuildTopics.proj]
BuildAssembler : warning : ResolveReferenceLinksComponent: [T:DataBinding.Window1] Unknown reference link target &#39;T:Panuon.UI.PUWindow&#39;. [C:\Users\7ommy\source\repos\CSharpLearning\DataBinding\Documentation3\Help\Working\BuildTopics.proj]
BuildAssembler : warning : ResolveReferenceLinksComponent: [T:DataBinding.Window1] Unknown reference link target &#39;P:Panuon.UI.PUWindow.MaxCommand&#39;. [C:\Users\7ommy\source\repos\CSharpLearning\DataBinding\Documentation3\Help\Working\BuildTopics.proj]
BuildAssembler : warning : ResolveReferenceLinksComponent: [T:DataBinding.Window1] Unknown reference link target &#39;T:Panuon.UI.PUWindow&#39;. [C:\Users\7ommy\source\repos\CSharpLearning\DataBinding\Documentation3\Help\Working\BuildTopics.proj]
BuildAssembler : warning : ResolveReferenceLinksComponent: [T:DataBinding.Window1] Unknown reference link target &#39;P:Panuon.UI.PUWindow.MinCommand&#39;. [C:\Users\7ommy\source\repos\CSharpLearning\DataBinding\Documentation3\Help\Working\BuildTopics.proj]
BuildAssembler : warning : ResolveReferenceLinksComponent: [T:DataBinding.Window1] Unknown reference link target &#39;T:Panuon.UI.PUWindow&#39;. [C:\Users\7ommy\source\repos\CSharpLearning\DataBinding\Documentation3\Help\Working\BuildTopics.proj]
BuildAssembler : warning : ResolveReferenceLinksComponent: [T:DataBinding.Window1] Unknown reference link target &#39;P:Panuon.UI.PUWindow.NavbarBackground&#39;. [C:\Users\7ommy\source\repos\CSharpLearning\DataBinding\Documentation3\Help\Working\BuildTopics.proj]
BuildAssembler : warning : ResolveReferenceLinksComponent: [T:DataBinding.Window1] Unknown reference link target &#39;T:Panuon.UI.PUWindow&#39;. [C:\Users\7ommy\source\repos\CSharpLearning\DataBinding\Documentation3\Help\Working\BuildTopics.proj]
BuildAssembler : warning : ResolveReferenceLinksComponent: [T:DataBinding.Window1] Unknown reference link target &#39;P:Panuon.UI.PUWindow.NavbarHeight&#39;. [C:\Users\7ommy\source\repos\CSharpLearning\DataBinding\Documentation3\Help\Working\BuildTopics.proj]
BuildAssembler : warning : ResolveReferenceLinksComponent: [T:DataBinding.Window1] Unknown reference link target &#39;T:Panuon.UI.PUWindow&#39;. [C:\Users\7ommy\source\repos\CSharpLearning\DataBinding\Documentation3\Help\Working\BuildTopics.proj]
BuildAssembler : warning : ResolveReferenceLinksComponent: [T:DataBinding.Window1] Unknown reference link target &#39;P:Panuon.UI.PUWindow.NavButtonHeight&#39;. [C:\Users\7ommy\source\repos\CSharpLearning\DataBinding\Documentation3\Help\Working\BuildTopics.proj]
BuildAssembler : warning : ResolveReferenceLinksComponent: [T:DataBinding.Window1] Unknown reference link target &#39;T:Panuon.UI.PUWindow&#39;. [C:\Users\7ommy\source\repos\CSharpLearning\DataBinding\Documentation3\Help\Working\BuildTopics.proj]
BuildAssembler : warning : ResolveReferenceLinksComponent: [T:DataBinding.Window1] Unknown reference link target &#39;P:Panuon.UI.PUWindow.NavButtonVisibility&#39;. [C:\Users\7ommy\source\repos\CSharpLearning\DataBinding\Documentation3\Help\Working\BuildTopics.proj]
BuildAssembler : warning : ResolveReferenceLinksComponent: [T:DataBinding.Window1] Unknown reference link target &#39;T:Panuon.UI.PUWindow&#39;. [C:\Users\7ommy\source\repos\CSharpLearning\DataBinding\Documentation3\Help\Working\BuildTopics.proj]
BuildAssembler : warning : ResolveReferenceLinksComponent: [T:DataBinding.Window1] Unknown reference link target &#39;P:Panuon.UI.PUWindow.NavButtonWidth&#39;. [C:\Users\7ommy\source\repos\CSharpLearning\DataBinding\Documentation3\Help\Working\BuildTopics.proj]
BuildAssembler : warning : ResolveReferenceLinksComponent: [T:DataBinding.Window1] Unknown reference link target &#39;T:Panuon.UI.PUWindow&#39;. [C:\Users\7ommy\source\repos\CSharpLearning\DataBinding\Documentation3\Help\Working\BuildTopics.proj]
BuildAssembler : warning : ResolveReferenceLinksComponent: [T:DataBinding.Window1] Unknown reference link target &#39;P:Panuon.UI.PUWindow.Result&#39;. [C:\Users\7ommy\source\repos\CSharpLearning\DataBinding\Documentation3\Help\Working\BuildTopics.proj]
BuildAssembler : warning : ResolveReferenceLinksComponent: [T:DataBinding.Window1] Unknown reference link target &#39;T:Panuon.UI.PUWindow&#39;. [C:\Users\7ommy\source\repos\CSharpLearning\DataBinding\Documentation3\Help\Working\BuildTopics.proj]
BuildAssembler : warning : ResolveReferenceLinksComponent: [T:DataBinding.Window1] Unknown reference link target &#39;M:Panuon.UI.PUWindow.AppendNavButton(System.Object,System.Windows.RoutedEventHandler,System.Boolean,System.Object)&#39;. [C:\Users\7ommy\source\repos\CSharpLearning\DataBinding\Documentation3\Help\Working\BuildTopics.proj]
BuildAssembler : warning : ResolveReferenceLinksComponent: [T:DataBinding.Window1] Unknown reference link target &#39;T:Panuon.UI.PUWindow&#39;. [C:\Users\7ommy\source\repos\CSharpLearning\DataBinding\Documentation3\Help\Working\BuildTopics.proj]
BuildAssembler : warning : ResolveReferenceLinksComponent: [T:DataBinding.Window1] Unknown reference link target &#39;M:Panuon.UI.PUWindow.OnApplyTemplate&#39;. [C:\Users\7ommy\source\repos\CSharpLearning\DataBinding\Documentation3\Help\Working\BuildTopics.proj]
BuildAssembler : warning : ResolveReferenceLinksComponent: [T:DataBinding.Window1] Unknown reference link target &#39;T:Panuon.UI.PUWindow&#39;. [C:\Users\7ommy\source\repos\CSharpLearning\DataBinding\Documentation3\Help\Working\BuildTopics.proj]
BuildAssembler : warning : ResolveReferenceLinksComponent: [T:DataBinding.Window1] Unknown reference link target &#39;M:Panuon.UI.PUWindow.OnClosing(System.ComponentModel.CancelEventArgs)&#39;. [C:\Users\7ommy\source\repos\CSharpLearning\DataBinding\Documentation3\Help\Working\BuildTopics.proj]
BuildAssembler : warning : ResolveReferenceLinksComponent: [T:DataBinding.Window1] Unknown reference link target &#39;T:Panuon.UI.PUWindow&#39;. [C:\Users\7ommy\source\repos\CSharpLearning\DataBinding\Documentation3\Help\Working\BuildTopics.proj]
    Last step completed in 00:07:42.3701
</buildStep>
<buildStep step="Canceled">

SHFB: Error BE0064: BUILD CANCELLED BY USER

</buildStep>
</shfbBuild>
